<?xml version="1.0" encoding="UTF-8"?>
<testsuite name="CalculadoraTest" tests="1" skipped="0" failures="0" errors="0" timestamp="2021-11-08T14:40:04" hostname="LAPTOP-QO6QH4E3" time="0.03">
  <properties/>
  <testcase name="raiz()" classname="CalculadoraTest" time="0.03"/>
  <system-out><![CDATA[]]></system-out>
  <system-err><![CDATA[]]></system-err>
</testsuite>
